[debug] [2021-02-23T12:47:15.532Z] ----------------------------------------------------------------------
[debug] [2021-02-23T12:47:15.534Z] Command:       /usr/local/Cellar/node/15.8.0/bin/node /usr/local/bin/firebase emulators:start
[debug] [2021-02-23T12:47:15.534Z] CLI Version:   9.5.0
[debug] [2021-02-23T12:47:15.535Z] Platform:      darwin
[debug] [2021-02-23T12:47:15.535Z] Node Version:  v15.8.0
[debug] [2021-02-23T12:47:15.536Z] Time:          Tue Feb 23 2021 12:47:15 GMT+0000 (Greenwich Mean Time)
[debug] [2021-02-23T12:47:15.536Z] ----------------------------------------------------------------------
[debug] [2021-02-23T12:47:15.536Z] 
[debug] [2021-02-23T12:47:15.544Z] > command requires scopes: ["email","openid","https://www.googleapis.com/auth/cloudplatformprojects.readonly","https://www.googleapis.com/auth/firebase","https://www.googleapis.com/auth/cloud-platform"]
[debug] [2021-02-23T12:47:15.545Z] > authorizing via signed-in user
[info] i  emulators: Starting emulators: functions, firestore {"metadata":{"emulator":{"name":"hub"},"message":"Starting emulators: functions, firestore"}}
[debug] [2021-02-23T12:47:15.564Z] [hub] writing locator at /var/folders/l7/_lc_pypj0v55yrzyc6_z1ldw0000gn/T/hub-eatin-d731f.json
[warn] ⚠  functions: The following emulators are not running, calls to these services from the Functions emulator will affect production: auth, database, hosting, pubsub {"metadata":{"emulator":{"name":"functions"},"message":"The following emulators are not running, calls to these services from the Functions emulator will affect production: \u001b[1mauth, database, hosting, pubsub\u001b[22m"}}
[warn] ⚠  Your requested "node" version "12" doesn't match your global version "15" {"metadata":{"emulator":{"name":"functions"},"message":"Your requested \"node\" version \"12\" doesn't match your global version \"15\""}}
[debug] [2021-02-23T12:47:15.594Z] defaultcredentials: writing to file /Users/pedro/.config/firebase/tinipedro_gmail_com_application_default_credentials.json
[debug] [2021-02-23T12:47:15.597Z] Setting GAC to /Users/pedro/.config/firebase/tinipedro_gmail_com_application_default_credentials.json {"metadata":{"emulator":{"name":"functions"},"message":"Setting GAC to /Users/pedro/.config/firebase/tinipedro_gmail_com_application_default_credentials.json"}}
[debug] [2021-02-23T12:47:15.598Z] > refreshing access token with scopes: []
[debug] [2021-02-23T12:47:15.599Z] >>> HTTP REQUEST POST https://www.googleapis.com/oauth2/v3/token  
 <request body omitted>
[debug] [2021-02-23T12:47:15.749Z] <<< HTTP RESPONSE 200 {"cache-control":"no-cache, no-store, max-age=0, must-revalidate","expires":"Mon, 01 Jan 1990 00:00:00 GMT","date":"Tue, 23 Feb 2021 12:47:15 GMT","pragma":"no-cache","content-type":"application/json; charset=utf-8","vary":"X-Origin, Referer, Origin,Accept-Encoding","server":"scaffolding on HTTPServer2","x-xss-protection":"0","x-frame-options":"SAMEORIGIN","x-content-type-options":"nosniff","alt-svc":"h3-29=\":443\"; ma=2592000,h3-T051=\":443\"; ma=2592000,h3-Q050=\":443\"; ma=2592000,h3-Q046=\":443\"; ma=2592000,h3-Q043=\":443\"; ma=2592000,quic=\":443\"; ma=2592000; v=\"46,43\"","accept-ranges":"none","transfer-encoding":"chunked"}
[debug] [2021-02-23T12:47:15.778Z] >>> [apiv2][query] GET https://firebase.googleapis.com/v1beta1/projects/eatin-d731f/adminSdkConfig [none]
[debug] [2021-02-23T12:47:16.103Z] <<< [apiv2][status] GET https://firebase.googleapis.com/v1beta1/projects/eatin-d731f/adminSdkConfig 200
[debug] [2021-02-23T12:47:16.103Z] <<< [apiv2][body] GET https://firebase.googleapis.com/v1beta1/projects/eatin-d731f/adminSdkConfig {"projectId":"eatin-d731f","databaseURL":"https://eatin-d731f.firebaseio.com","storageBucket":"eatin-d731f.appspot.com","locationId":"europe-west"}
[info] i  firestore: downloading cloud-firestore-emulator-v1.11.12.jar... {"metadata":{"emulator":{"name":"firestore"},"message":"downloading cloud-firestore-emulator-v1.11.12.jar..."}}
[debug] [2021-02-23T12:47:16.399Z] >>> [apiv2][query] GET https://storage.googleapis.com/firebase-preview-drop/emulator/cloud-firestore-emulator-v1.11.12.jar [none]
[debug] [2021-02-23T12:47:16.684Z] <<< [apiv2][status] GET https://storage.googleapis.com/firebase-preview-drop/emulator/cloud-firestore-emulator-v1.11.12.jar 200
[debug] [2021-02-23T12:47:16.684Z] <<< [apiv2][body] GET https://storage.googleapis.com/firebase-preview-drop/emulator/cloud-firestore-emulator-v1.11.12.jar [stream]
[debug] [2021-02-23T12:47:24.067Z] Ignoring unsupported arg: projectId {"metadata":{"emulator":{"name":"firestore"},"message":"Ignoring unsupported arg: projectId"}}
[debug] [2021-02-23T12:47:24.070Z] Ignoring unsupported arg: auto_download {"metadata":{"emulator":{"name":"firestore"},"message":"Ignoring unsupported arg: auto_download"}}
[debug] [2021-02-23T12:47:24.070Z] Starting Firestore Emulator with command {"binary":"java","args":["-Dgoogle.cloud_firestore.debug_log_level=FINE","-Duser.language=en","-jar","/Users/pedro/.cache/firebase/emulators/cloud-firestore-emulator-v1.11.12.jar","--host","localhost","--port",8080,"--rules","/Users/pedro/Documents/groupProject/eatin/firebase/firestore.rules","--functions_emulator","localhost:5001"],"optionalArgs":["port","webchannel_port","host","rules","functions_emulator","seed_from_export"],"joinArgs":false} {"metadata":{"emulator":{"name":"firestore"},"message":"Starting Firestore Emulator with command {\"binary\":\"java\",\"args\":[\"-Dgoogle.cloud_firestore.debug_log_level=FINE\",\"-Duser.language=en\",\"-jar\",\"/Users/pedro/.cache/firebase/emulators/cloud-firestore-emulator-v1.11.12.jar\",\"--host\",\"localhost\",\"--port\",8080,\"--rules\",\"/Users/pedro/Documents/groupProject/eatin/firebase/firestore.rules\",\"--functions_emulator\",\"localhost:5001\"],\"optionalArgs\":[\"port\",\"webchannel_port\",\"host\",\"rules\",\"functions_emulator\",\"seed_from_export\"],\"joinArgs\":false}"}}
[info] i  firestore: Firestore Emulator logging to firestore-debug.log {"metadata":{"emulator":{"name":"firestore"},"message":"Firestore Emulator logging to \u001b[1mfirestore-debug.log\u001b[22m"}}
[debug] [2021-02-23T12:47:26.008Z] API endpoint: http://localhost {"metadata":{"emulator":{"name":"firestore"},"message":"API endpoint: http://localhost"}}
[debug] [2021-02-23T12:47:26.009Z] :8080
If you are using a library that supports the FIRESTORE_EMULATOR_HOST environment variable, run:

   export FIRESTORE_EMULATOR_HOST=localhost:8080

Dev App Server is now running.

 {"metadata":{"emulator":{"name":"firestore"},"message":":8080\nIf you are using a library that supports the FIRESTORE_EMULATOR_HOST environment variable, run:\n\n   export FIRESTORE_EMULATOR_HOST=localhost:8080\n\nDev App Server is now running.\n\n"}}
[info] i  ui: downloading ui-v1.4.2.zip... {"metadata":{"emulator":{"name":"ui"},"message":"downloading ui-v1.4.2.zip..."}}
[debug] [2021-02-23T12:47:26.160Z] >>> [apiv2][query] GET https://storage.googleapis.com/firebase-preview-drop/emulator/ui-v1.4.2.zip [none]
[debug] [2021-02-23T12:47:26.261Z] <<< [apiv2][status] GET https://storage.googleapis.com/firebase-preview-drop/emulator/ui-v1.4.2.zip 200
[debug] [2021-02-23T12:47:26.261Z] <<< [apiv2][body] GET https://storage.googleapis.com/firebase-preview-drop/emulator/ui-v1.4.2.zip [stream]
[debug] [2021-02-23T12:47:26.756Z] Ignoring unsupported arg: auto_download {"metadata":{"emulator":{"name":"ui"},"message":"Ignoring unsupported arg: auto_download"}}
[debug] [2021-02-23T12:47:26.757Z] Ignoring unsupported arg: port {"metadata":{"emulator":{"name":"ui"},"message":"Ignoring unsupported arg: port"}}
[debug] [2021-02-23T12:47:26.757Z] Starting Emulator UI with command {"binary":"node","args":["/Users/pedro/.cache/firebase/emulators/ui-v1.4.2/server.bundle.js"],"optionalArgs":[],"joinArgs":false} {"metadata":{"emulator":{"name":"ui"},"message":"Starting Emulator UI with command {\"binary\":\"node\",\"args\":[\"/Users/pedro/.cache/firebase/emulators/ui-v1.4.2/server.bundle.js\"],\"optionalArgs\":[],\"joinArgs\":false}"}}
[info] i  ui: Emulator UI logging to ui-debug.log {"metadata":{"emulator":{"name":"ui"},"message":"Emulator UI logging to \u001b[1mui-debug.log\u001b[22m"}}
[debug] [2021-02-23T12:47:26.892Z] Web / API server started at http://localhost:4000
 {"metadata":{"emulator":{"name":"ui"},"message":"Web / API server started at http://localhost:4000\n"}}
[info] i  functions: Watching "/Users/pedro/Documents/groupProject/eatin/firebase/functions" for Cloud Functions... {"metadata":{"emulator":{"name":"functions"},"message":"Watching \"/Users/pedro/Documents/groupProject/eatin/firebase/functions\" for Cloud Functions..."}}
[debug] [2021-02-23T12:47:27.043Z] [worker-pool] addWorker(~diagnostic~) {"metadata":{"emulator":{"name":"functions"},"message":"[worker-pool] addWorker(~diagnostic~)"}}
[debug] [2021-02-23T12:47:27.043Z] [worker-pool] Adding worker with key ~diagnostic~, total=1 {"metadata":{"emulator":{"name":"functions"},"message":"[worker-pool] Adding worker with key ~diagnostic~, total=1"}}
[debug] [2021-02-23T12:47:27.043Z] [worker-pool] submitWork(triggerId=) {"metadata":{"emulator":{"name":"functions"},"message":"[worker-pool] submitWork(triggerId=)"}}
[debug] [2021-02-23T12:47:27.044Z] [worker-~diagnostic~-5534f502-ece7-4979-a55d-c5dc61200f4b]: Assigning socketPath: /var/folders/l7/_lc_pypj0v55yrzyc6_z1ldw0000gn/T/fire_emu_42887.sock {"metadata":{"emulator":{"name":"functions"},"message":"[worker-~diagnostic~-5534f502-ece7-4979-a55d-c5dc61200f4b]: Assigning socketPath: /var/folders/l7/_lc_pypj0v55yrzyc6_z1ldw0000gn/T/fire_emu_42887.sock"}}
[debug] [2021-02-23T12:47:27.044Z] [worker-~diagnostic~-5534f502-ece7-4979-a55d-c5dc61200f4b]: BUSY {"metadata":{"emulator":{"name":"functions"},"message":"[worker-~diagnostic~-5534f502-ece7-4979-a55d-c5dc61200f4b]: BUSY"}}
[debug] [2021-02-23T12:47:27.251Z] [runtime-status] [42887] Functions runtime initialized. {"cwd":"/Users/pedro/Documents/groupProject/eatin/firebase/functions","node_version":"15.8.0"} {"metadata":{"emulator":{"name":"functions"},"message":"[runtime-status] [42887] Functions runtime initialized. {\"cwd\":\"/Users/pedro/Documents/groupProject/eatin/firebase/functions\",\"node_version\":\"15.8.0\"}"}}
[debug] [2021-02-23T12:47:27.252Z] [runtime-status] [42887] Disabled runtime features: undefined {"metadata":{"emulator":{"name":"functions"},"message":"[runtime-status] [42887] Disabled runtime features: undefined"}}
[debug] [2021-02-23T12:47:27.255Z] [runtime-status] [42887] Resolved module firebase-admin {"declared":true,"installed":true,"version":"9.5.0","resolution":"/Users/pedro/Documents/groupProject/eatin/firebase/functions/node_modules/firebase-admin/lib/index.js"} {"metadata":{"emulator":{"name":"functions"},"message":"[runtime-status] [42887] Resolved module firebase-admin {\"declared\":true,\"installed\":true,\"version\":\"9.5.0\",\"resolution\":\"/Users/pedro/Documents/groupProject/eatin/firebase/functions/node_modules/firebase-admin/lib/index.js\"}"}}
[debug] [2021-02-23T12:47:27.257Z] [runtime-status] [42887] Resolved module firebase-functions {"declared":true,"installed":true,"version":"3.13.2","resolution":"/Users/pedro/Documents/groupProject/eatin/firebase/functions/node_modules/firebase-functions/lib/index.js"} {"metadata":{"emulator":{"name":"functions"},"message":"[runtime-status] [42887] Resolved module firebase-functions {\"declared\":true,\"installed\":true,\"version\":\"3.13.2\",\"resolution\":\"/Users/pedro/Documents/groupProject/eatin/firebase/functions/node_modules/firebase-functions/lib/index.js\"}"}}
[debug] [2021-02-23T12:47:27.258Z] [runtime-status] [42887] Resolved module firebase-functions {"declared":true,"installed":true,"version":"3.13.2","resolution":"/Users/pedro/Documents/groupProject/eatin/firebase/functions/node_modules/firebase-functions/lib/index.js"} {"metadata":{"emulator":{"name":"functions"},"message":"[runtime-status] [42887] Resolved module firebase-functions {\"declared\":true,\"installed\":true,\"version\":\"3.13.2\",\"resolution\":\"/Users/pedro/Documents/groupProject/eatin/firebase/functions/node_modules/firebase-functions/lib/index.js\"}"}}
[debug] [2021-02-23T12:47:27.260Z] [runtime-status] [42887] Outgoing network have been stubbed. [{"name":"http","status":"mocked"},{"name":"http","status":"mocked"},{"name":"https","status":"mocked"},{"name":"https","status":"mocked"},{"name":"net","status":"mocked"}] {"metadata":{"emulator":{"name":"functions"},"message":"[runtime-status] [42887] Outgoing network have been stubbed. [{\"name\":\"http\",\"status\":\"mocked\"},{\"name\":\"http\",\"status\":\"mocked\"},{\"name\":\"https\",\"status\":\"mocked\"},{\"name\":\"https\",\"status\":\"mocked\"},{\"name\":\"net\",\"status\":\"mocked\"}]"}}
[debug] [2021-02-23T12:47:27.260Z] [runtime-status] [42887] Resolved module firebase-functions {"declared":true,"installed":true,"version":"3.13.2","resolution":"/Users/pedro/Documents/groupProject/eatin/firebase/functions/node_modules/firebase-functions/lib/index.js"} {"metadata":{"emulator":{"name":"functions"},"message":"[runtime-status] [42887] Resolved module firebase-functions {\"declared\":true,\"installed\":true,\"version\":\"3.13.2\",\"resolution\":\"/Users/pedro/Documents/groupProject/eatin/firebase/functions/node_modules/firebase-functions/lib/index.js\"}"}}
[debug] [2021-02-23T12:47:27.341Z] [runtime-status] [42887] Checked functions.config() {"config":{}} {"metadata":{"emulator":{"name":"functions"},"message":"[runtime-status] [42887] Checked functions.config() {\"config\":{}}"}}
[debug] [2021-02-23T12:47:27.341Z] [runtime-status] [42887] firebase-functions has been stubbed. {"functionsResolution":{"declared":true,"installed":true,"version":"3.13.2","resolution":"/Users/pedro/Documents/groupProject/eatin/firebase/functions/node_modules/firebase-functions/lib/index.js"}} {"metadata":{"emulator":{"name":"functions"},"message":"[runtime-status] [42887] firebase-functions has been stubbed. {\"functionsResolution\":{\"declared\":true,\"installed\":true,\"version\":\"3.13.2\",\"resolution\":\"/Users/pedro/Documents/groupProject/eatin/firebase/functions/node_modules/firebase-functions/lib/index.js\"}}"}}
[debug] [2021-02-23T12:47:27.342Z] [runtime-status] [42887] Resolved module firebase-functions {"declared":true,"installed":true,"version":"3.13.2","resolution":"/Users/pedro/Documents/groupProject/eatin/firebase/functions/node_modules/firebase-functions/lib/index.js"} {"metadata":{"emulator":{"name":"functions"},"message":"[runtime-status] [42887] Resolved module firebase-functions {\"declared\":true,\"installed\":true,\"version\":\"3.13.2\",\"resolution\":\"/Users/pedro/Documents/groupProject/eatin/firebase/functions/node_modules/firebase-functions/lib/index.js\"}"}}
[debug] [2021-02-23T12:47:27.343Z] [runtime-status] [42887] Resolved module firebase-admin {"declared":true,"installed":true,"version":"9.5.0","resolution":"/Users/pedro/Documents/groupProject/eatin/firebase/functions/node_modules/firebase-admin/lib/index.js"} {"metadata":{"emulator":{"name":"functions"},"message":"[runtime-status] [42887] Resolved module firebase-admin {\"declared\":true,\"installed\":true,\"version\":\"9.5.0\",\"resolution\":\"/Users/pedro/Documents/groupProject/eatin/firebase/functions/node_modules/firebase-admin/lib/index.js\"}"}}
[debug] [2021-02-23T12:47:27.343Z] [runtime-status] [42887] Resolved module firebase-functions {"declared":true,"installed":true,"version":"3.13.2","resolution":"/Users/pedro/Documents/groupProject/eatin/firebase/functions/node_modules/firebase-functions/lib/index.js"} {"metadata":{"emulator":{"name":"functions"},"message":"[runtime-status] [42887] Resolved module firebase-functions {\"declared\":true,\"installed\":true,\"version\":\"3.13.2\",\"resolution\":\"/Users/pedro/Documents/groupProject/eatin/firebase/functions/node_modules/firebase-functions/lib/index.js\"}"}}
[debug] [2021-02-23T12:47:27.343Z] [runtime-status] [42887] firebase-admin has been stubbed. {"adminResolution":{"declared":true,"installed":true,"version":"9.5.0","resolution":"/Users/pedro/Documents/groupProject/eatin/firebase/functions/node_modules/firebase-admin/lib/index.js"}} {"metadata":{"emulator":{"name":"functions"},"message":"[runtime-status] [42887] firebase-admin has been stubbed. {\"adminResolution\":{\"declared\":true,\"installed\":true,\"version\":\"9.5.0\",\"resolution\":\"/Users/pedro/Documents/groupProject/eatin/firebase/functions/node_modules/firebase-admin/lib/index.js\"}}"}}
[debug] [2021-02-23T12:47:27.346Z] [runtime-status] [42887] initializeApp(DEFAULT) {"storageBucket":"eatin-d731f.appspot.com","databaseURL":"https://eatin-d731f.firebaseio.com","projectId":"eatin-d731f"} {"metadata":{"emulator":{"name":"functions"},"message":"[runtime-status] [42887] initializeApp(DEFAULT) {\"storageBucket\":\"eatin-d731f.appspot.com\",\"databaseURL\":\"https://eatin-d731f.firebaseio.com\",\"projectId\":\"eatin-d731f\"}"}}
[debug] [2021-02-23T12:47:27.349Z] [worker-~diagnostic~-5534f502-ece7-4979-a55d-c5dc61200f4b]: IDLE {"metadata":{"emulator":{"name":"functions"},"message":"[worker-~diagnostic~-5534f502-ece7-4979-a55d-c5dc61200f4b]: IDLE"}}
[info] ✔  functions[addMessage]: http function initialized (http://localhost:5001/eatin-d731f/us-central1/addMessage). {"metadata":{"emulator":{"name":"functions"},"message":"\u001b[1mhttp\u001b[22m function initialized (http://localhost:5001/eatin-d731f/us-central1/addMessage)."}}
[info] 
┌─────────────────────────────────────────────────────────────┐
│ ✔  All emulators ready! It is now safe to connect your app. │
│ i  View Emulator UI at http://localhost:4000                │
└─────────────────────────────────────────────────────────────┘

┌───────────┬────────────────┬─────────────────────────────────┐
│ Emulator  │ Host:Port      │ View in Emulator UI             │
├───────────┼────────────────┼─────────────────────────────────┤
│ Functions │ localhost:5001 │ http://localhost:4000/functions │
├───────────┼────────────────┼─────────────────────────────────┤
│ Firestore │ localhost:8080 │ http://localhost:4000/firestore │
└───────────┴────────────────┴─────────────────────────────────┘
  Emulator Hub running at localhost:4400
  Other reserved ports: 4500

Issues? Report them at https://github.com/firebase/firebase-tools/issues and attach the *-debug.log files.
 
[debug] [2021-02-23T12:48:26.533Z] [work-queue] {"queueLength":1,"workRunningCount":0}
[debug] [2021-02-23T12:48:26.534Z] [work-queue] {"queueLength":0,"workRunningCount":1}
[debug] [2021-02-23T12:48:26.535Z] Accepted request GET /eatin-d731f/us-central1/addMessage --> addMessage
[debug] [2021-02-23T12:48:26.540Z] [worker-pool] addWorker(addMessage) {"metadata":{"emulator":{"name":"functions"},"message":"[worker-pool] addWorker(addMessage)"}}
[debug] [2021-02-23T12:48:26.540Z] [worker-pool] Adding worker with key addMessage, total=1 {"metadata":{"emulator":{"name":"functions"},"message":"[worker-pool] Adding worker with key addMessage, total=1"}}
[debug] [2021-02-23T12:48:26.540Z] [worker-pool] submitWork(triggerId=addMessage) {"metadata":{"emulator":{"name":"functions"},"message":"[worker-pool] submitWork(triggerId=addMessage)"}}
[debug] [2021-02-23T12:48:26.540Z] [worker-addMessage-6ddcbf87-fef4-4fb6-82e7-e49f0211d7e2]: Assigning socketPath: /var/folders/l7/_lc_pypj0v55yrzyc6_z1ldw0000gn/T/fire_emu_42903.sock {"metadata":{"emulator":{"name":"functions"},"message":"[worker-addMessage-6ddcbf87-fef4-4fb6-82e7-e49f0211d7e2]: Assigning socketPath: /var/folders/l7/_lc_pypj0v55yrzyc6_z1ldw0000gn/T/fire_emu_42903.sock"}}
[debug] [2021-02-23T12:48:26.540Z] [worker-addMessage-6ddcbf87-fef4-4fb6-82e7-e49f0211d7e2]: BUSY {"metadata":{"emulator":{"name":"functions"},"message":"[worker-addMessage-6ddcbf87-fef4-4fb6-82e7-e49f0211d7e2]: BUSY"}}
[debug] [2021-02-23T12:48:26.763Z] [runtime-status] [42903] Functions runtime initialized. {"cwd":"/Users/pedro/Documents/groupProject/eatin/firebase/functions","node_version":"15.8.0"} {"metadata":{"emulator":{"name":"functions"},"function":{"name":"addMessage"},"message":"[runtime-status] [42903] Functions runtime initialized. {\"cwd\":\"/Users/pedro/Documents/groupProject/eatin/firebase/functions\",\"node_version\":\"15.8.0\"}"}}
[debug] [2021-02-23T12:48:26.764Z] [runtime-status] [42903] Disabled runtime features: undefined {"metadata":{"emulator":{"name":"functions"},"function":{"name":"addMessage"},"message":"[runtime-status] [42903] Disabled runtime features: undefined"}}
[debug] [2021-02-23T12:48:26.768Z] [runtime-status] [42903] Resolved module firebase-admin {"declared":true,"installed":true,"version":"9.5.0","resolution":"/Users/pedro/Documents/groupProject/eatin/firebase/functions/node_modules/firebase-admin/lib/index.js"} {"metadata":{"emulator":{"name":"functions"},"function":{"name":"addMessage"},"message":"[runtime-status] [42903] Resolved module firebase-admin {\"declared\":true,\"installed\":true,\"version\":\"9.5.0\",\"resolution\":\"/Users/pedro/Documents/groupProject/eatin/firebase/functions/node_modules/firebase-admin/lib/index.js\"}"}}
[debug] [2021-02-23T12:48:26.770Z] [runtime-status] [42903] Resolved module firebase-functions {"declared":true,"installed":true,"version":"3.13.2","resolution":"/Users/pedro/Documents/groupProject/eatin/firebase/functions/node_modules/firebase-functions/lib/index.js"} {"metadata":{"emulator":{"name":"functions"},"function":{"name":"addMessage"},"message":"[runtime-status] [42903] Resolved module firebase-functions {\"declared\":true,\"installed\":true,\"version\":\"3.13.2\",\"resolution\":\"/Users/pedro/Documents/groupProject/eatin/firebase/functions/node_modules/firebase-functions/lib/index.js\"}"}}
[debug] [2021-02-23T12:48:26.772Z] [runtime-status] [42903] Resolved module firebase-functions {"declared":true,"installed":true,"version":"3.13.2","resolution":"/Users/pedro/Documents/groupProject/eatin/firebase/functions/node_modules/firebase-functions/lib/index.js"} {"metadata":{"emulator":{"name":"functions"},"function":{"name":"addMessage"},"message":"[runtime-status] [42903] Resolved module firebase-functions {\"declared\":true,\"installed\":true,\"version\":\"3.13.2\",\"resolution\":\"/Users/pedro/Documents/groupProject/eatin/firebase/functions/node_modules/firebase-functions/lib/index.js\"}"}}
[debug] [2021-02-23T12:48:26.774Z] [runtime-status] [42903] Outgoing network have been stubbed. [{"name":"http","status":"mocked"},{"name":"http","status":"mocked"},{"name":"https","status":"mocked"},{"name":"https","status":"mocked"},{"name":"net","status":"mocked"}] {"metadata":{"emulator":{"name":"functions"},"function":{"name":"addMessage"},"message":"[runtime-status] [42903] Outgoing network have been stubbed. [{\"name\":\"http\",\"status\":\"mocked\"},{\"name\":\"http\",\"status\":\"mocked\"},{\"name\":\"https\",\"status\":\"mocked\"},{\"name\":\"https\",\"status\":\"mocked\"},{\"name\":\"net\",\"status\":\"mocked\"}]"}}
[debug] [2021-02-23T12:48:26.775Z] [runtime-status] [42903] Resolved module firebase-functions {"declared":true,"installed":true,"version":"3.13.2","resolution":"/Users/pedro/Documents/groupProject/eatin/firebase/functions/node_modules/firebase-functions/lib/index.js"} {"metadata":{"emulator":{"name":"functions"},"function":{"name":"addMessage"},"message":"[runtime-status] [42903] Resolved module firebase-functions {\"declared\":true,\"installed\":true,\"version\":\"3.13.2\",\"resolution\":\"/Users/pedro/Documents/groupProject/eatin/firebase/functions/node_modules/firebase-functions/lib/index.js\"}"}}
[debug] [2021-02-23T12:48:26.835Z] [runtime-status] [42903] Checked functions.config() {"config":{}} {"metadata":{"emulator":{"name":"functions"},"function":{"name":"addMessage"},"message":"[runtime-status] [42903] Checked functions.config() {\"config\":{}}"}}
[debug] [2021-02-23T12:48:26.836Z] [runtime-status] [42903] firebase-functions has been stubbed. {"functionsResolution":{"declared":true,"installed":true,"version":"3.13.2","resolution":"/Users/pedro/Documents/groupProject/eatin/firebase/functions/node_modules/firebase-functions/lib/index.js"}} {"metadata":{"emulator":{"name":"functions"},"function":{"name":"addMessage"},"message":"[runtime-status] [42903] firebase-functions has been stubbed. {\"functionsResolution\":{\"declared\":true,\"installed\":true,\"version\":\"3.13.2\",\"resolution\":\"/Users/pedro/Documents/groupProject/eatin/firebase/functions/node_modules/firebase-functions/lib/index.js\"}}"}}
[debug] [2021-02-23T12:48:26.836Z] [runtime-status] [42903] Resolved module firebase-functions {"declared":true,"installed":true,"version":"3.13.2","resolution":"/Users/pedro/Documents/groupProject/eatin/firebase/functions/node_modules/firebase-functions/lib/index.js"} {"metadata":{"emulator":{"name":"functions"},"function":{"name":"addMessage"},"message":"[runtime-status] [42903] Resolved module firebase-functions {\"declared\":true,\"installed\":true,\"version\":\"3.13.2\",\"resolution\":\"/Users/pedro/Documents/groupProject/eatin/firebase/functions/node_modules/firebase-functions/lib/index.js\"}"}}
[debug] [2021-02-23T12:48:26.837Z] [runtime-status] [42903] Resolved module firebase-admin {"declared":true,"installed":true,"version":"9.5.0","resolution":"/Users/pedro/Documents/groupProject/eatin/firebase/functions/node_modules/firebase-admin/lib/index.js"} {"metadata":{"emulator":{"name":"functions"},"function":{"name":"addMessage"},"message":"[runtime-status] [42903] Resolved module firebase-admin {\"declared\":true,\"installed\":true,\"version\":\"9.5.0\",\"resolution\":\"/Users/pedro/Documents/groupProject/eatin/firebase/functions/node_modules/firebase-admin/lib/index.js\"}"}}
[debug] [2021-02-23T12:48:26.837Z] [runtime-status] [42903] Resolved module firebase-functions {"declared":true,"installed":true,"version":"3.13.2","resolution":"/Users/pedro/Documents/groupProject/eatin/firebase/functions/node_modules/firebase-functions/lib/index.js"} {"metadata":{"emulator":{"name":"functions"},"function":{"name":"addMessage"},"message":"[runtime-status] [42903] Resolved module firebase-functions {\"declared\":true,\"installed\":true,\"version\":\"3.13.2\",\"resolution\":\"/Users/pedro/Documents/groupProject/eatin/firebase/functions/node_modules/firebase-functions/lib/index.js\"}"}}
[debug] [2021-02-23T12:48:26.838Z] [runtime-status] [42903] firebase-admin has been stubbed. {"adminResolution":{"declared":true,"installed":true,"version":"9.5.0","resolution":"/Users/pedro/Documents/groupProject/eatin/firebase/functions/node_modules/firebase-admin/lib/index.js"}} {"metadata":{"emulator":{"name":"functions"},"function":{"name":"addMessage"},"message":"[runtime-status] [42903] firebase-admin has been stubbed. {\"adminResolution\":{\"declared\":true,\"installed\":true,\"version\":\"9.5.0\",\"resolution\":\"/Users/pedro/Documents/groupProject/eatin/firebase/functions/node_modules/firebase-admin/lib/index.js\"}}"}}
[debug] [2021-02-23T12:48:26.840Z] [runtime-status] [42903] initializeApp(DEFAULT) {"storageBucket":"eatin-d731f.appspot.com","databaseURL":"https://eatin-d731f.firebaseio.com","projectId":"eatin-d731f"} {"metadata":{"emulator":{"name":"functions"},"function":{"name":"addMessage"},"message":"[runtime-status] [42903] initializeApp(DEFAULT) {\"storageBucket\":\"eatin-d731f.appspot.com\",\"databaseURL\":\"https://eatin-d731f.firebaseio.com\",\"projectId\":\"eatin-d731f\"}"}}
[debug] [2021-02-23T12:48:26.842Z] [runtime-status] [42903] Trigger "addMessage" has been found, beginning invocation! {"metadata":{"emulator":{"name":"functions"},"function":{"name":"addMessage"},"message":"[runtime-status] [42903] Trigger \"addMessage\" has been found, beginning invocation!"}}
[info] i  functions: Beginning execution of "addMessage" {"metadata":{"emulator":{"name":"functions"},"function":{"name":"addMessage"},"message":"Beginning execution of \"addMessage\""}}
[debug] [2021-02-23T12:48:26.843Z] [runtime-status] [42903] triggerDefinition {"httpsTrigger":{},"name":"addMessage","entryPoint":"addMessage"} {"metadata":{"emulator":{"name":"functions"},"function":{"name":"addMessage"},"message":"[runtime-status] [42903] triggerDefinition {\"httpsTrigger\":{},\"name\":\"addMessage\",\"entryPoint\":\"addMessage\"}"}}
[debug] [2021-02-23T12:48:26.843Z] [runtime-status] [42903] Running addMessage in mode HTTPS {"metadata":{"emulator":{"name":"functions"},"function":{"name":"addMessage"},"message":"[runtime-status] [42903] Running addMessage in mode HTTPS"}}
[debug] [2021-02-23T12:48:26.849Z] [runtime-status] [42903] Attempting to listen to socketPath: /var/folders/l7/_lc_pypj0v55yrzyc6_z1ldw0000gn/T/fire_emu_42903.sock {"metadata":{"emulator":{"name":"functions"},"function":{"name":"addMessage"},"message":"[runtime-status] [42903] Attempting to listen to socketPath: /var/folders/l7/_lc_pypj0v55yrzyc6_z1ldw0000gn/T/fire_emu_42903.sock"}}
[debug] [2021-02-23T12:48:26.858Z] [functions] Runtime ready! Sending request! {"metadata":{"emulator":{"name":"functions"},"message":"[functions] Runtime ready! Sending request!"}}
[debug] [2021-02-23T12:48:26.859Z] [functions] Got req.url=/eatin-d731f/us-central1/addMessage, mapping to path=/ {"metadata":{"emulator":{"name":"functions"},"message":"[functions] Got req.url=/eatin-d731f/us-central1/addMessage, mapping to path=/"}}
[debug] [2021-02-23T12:48:26.872Z] [runtime-status] [42903] Ephemeral server handling GET request {"metadata":{"emulator":{"name":"functions"},"function":{"name":"addMessage"},"message":"[runtime-status] [42903] Ephemeral server handling GET request"}}
[debug] [2021-02-23T12:48:27.257Z] [runtime-status] [42903] Ephemeral server survived. {"metadata":{"emulator":{"name":"functions"},"function":{"name":"addMessage"},"message":"[runtime-status] [42903] Ephemeral server survived."}}
[warn] ⚠  functions: Error: Value for argument "data" is not a valid Firestore document. Cannot use "undefined" as a Firestore value (found in field "original"). If you want to ignore undefined values, enable `ignoreUndefinedProperties`.
    at validateUserInput (/Users/pedro/Documents/groupProject/eatin/firebase/functions/node_modules/@google-cloud/firestore/build/src/serializer.js:271:19)
    at Object.validateUserInput (/Users/pedro/Documents/groupProject/eatin/firebase/functions/node_modules/@google-cloud/firestore/build/src/serializer.js:263:13)
    at Object.validateDocumentData (/Users/pedro/Documents/groupProject/eatin/firebase/functions/node_modules/@google-cloud/firestore/build/src/write-batch.js:577:18)
    at CollectionReference.add (/Users/pedro/Documents/groupProject/eatin/firebase/functions/node_modules/@google-cloud/firestore/build/src/reference.js:1957:23)
    at /Users/pedro/Documents/groupProject/eatin/firebase/functions/index.js:21:70
    at /usr/local/lib/node_modules/firebase-tools/lib/emulator/functionsEmulatorRuntime.js:598:16
    at runFunction (/usr/local/lib/node_modules/firebase-tools/lib/emulator/functionsEmulatorRuntime.js:577:15)
    at runHTTPS (/usr/local/lib/node_modules/firebase-tools/lib/emulator/functionsEmulatorRuntime.js:597:11)
    at handler (/usr/local/lib/node_modules/firebase-tools/lib/emulator/functionsEmulatorRuntime.js:528:23)
    at Layer.handle [as handle_request] (/usr/local/lib/node_modules/firebase-tools/node_modules/express/lib/router/layer.js:95:5) {"metadata":{"emulator":{"name":"functions"},"function":{"name":"addMessage"},"message":"Error: Value for argument \"data\" is not a valid Firestore document. Cannot use \"undefined\" as a Firestore value (found in field \"original\"). If you want to ignore undefined values, enable `ignoreUndefinedProperties`.\n    at validateUserInput (/Users/pedro/Documents/groupProject/eatin/firebase/functions/node_modules/@google-cloud/firestore/build/src/serializer.js:271:19)\n    at Object.validateUserInput (/Users/pedro/Documents/groupProject/eatin/firebase/functions/node_modules/@google-cloud/firestore/build/src/serializer.js:263:13)\n    at Object.validateDocumentData (/Users/pedro/Documents/groupProject/eatin/firebase/functions/node_modules/@google-cloud/firestore/build/src/write-batch.js:577:18)\n    at CollectionReference.add (/Users/pedro/Documents/groupProject/eatin/firebase/functions/node_modules/@google-cloud/firestore/build/src/reference.js:1957:23)\n    at /Users/pedro/Documents/groupProject/eatin/firebase/functions/index.js:21:70\n    at /usr/local/lib/node_modules/firebase-tools/lib/emulator/functionsEmulatorRuntime.js:598:16\n    at runFunction (/usr/local/lib/node_modules/firebase-tools/lib/emulator/functionsEmulatorRuntime.js:577:15)\n    at runHTTPS (/usr/local/lib/node_modules/firebase-tools/lib/emulator/functionsEmulatorRuntime.js:597:11)\n    at handler (/usr/local/lib/node_modules/firebase-tools/lib/emulator/functionsEmulatorRuntime.js:528:23)\n    at Layer.handle [as handle_request] (/usr/local/lib/node_modules/firebase-tools/node_modules/express/lib/router/layer.js:95:5)"}}
[warn] ⚠  Your function was killed because it raised an unhandled error. {"metadata":{"emulator":{"name":"functions"},"function":{"name":"addMessage"},"message":"Your function was killed because it raised an unhandled error."}}
[debug] [2021-02-23T12:48:27.268Z] [worker-addMessage-6ddcbf87-fef4-4fb6-82e7-e49f0211d7e2]: exited {"metadata":{"emulator":{"name":"functions"},"message":"[worker-addMessage-6ddcbf87-fef4-4fb6-82e7-e49f0211d7e2]: exited"}}
[debug] [2021-02-23T12:48:27.269Z] [worker-addMessage-6ddcbf87-fef4-4fb6-82e7-e49f0211d7e2]: FINISHED {"metadata":{"emulator":{"name":"functions"},"message":"[worker-addMessage-6ddcbf87-fef4-4fb6-82e7-e49f0211d7e2]: FINISHED"}}
[debug] [2021-02-23T12:48:27.270Z] [work-queue] {"queueLength":0,"workRunningCount":0}
[debug] [2021-02-23T12:48:27.422Z] Functions emulator received unknown request at path /favicon.ico
[debug] [2021-02-23T12:48:51.306Z] File /Users/pedro/Documents/groupProject/eatin/firebase/functions/index.js changed, reloading triggers {"metadata":{"emulator":{"name":"functions"},"message":"File /Users/pedro/Documents/groupProject/eatin/firebase/functions/index.js changed, reloading triggers"}}
[debug] [2021-02-23T12:48:52.310Z] [worker-pool] Shutting down IDLE worker (~diagnostic~) {"metadata":{"emulator":{"name":"functions"},"message":"[worker-pool] Shutting down IDLE worker (~diagnostic~)"}}
[debug] [2021-02-23T12:48:52.311Z] [worker-~diagnostic~-5534f502-ece7-4979-a55d-c5dc61200f4b]: FINISHING {"metadata":{"emulator":{"name":"functions"},"message":"[worker-~diagnostic~-5534f502-ece7-4979-a55d-c5dc61200f4b]: FINISHING"}}
[debug] [2021-02-23T12:48:52.311Z] [worker-pool] Cleaned up workers for addMessage: 1 --> 0 {"metadata":{"emulator":{"name":"functions"},"message":"[worker-pool] Cleaned up workers for addMessage: 1 --> 0"}}
[debug] [2021-02-23T12:48:52.318Z] [worker-pool] addWorker(~diagnostic~) {"metadata":{"emulator":{"name":"functions"},"message":"[worker-pool] addWorker(~diagnostic~)"}}
[debug] [2021-02-23T12:48:52.319Z] [worker-pool] Adding worker with key ~diagnostic~, total=2 {"metadata":{"emulator":{"name":"functions"},"message":"[worker-pool] Adding worker with key ~diagnostic~, total=2"}}
[debug] [2021-02-23T12:48:52.320Z] [worker-pool] submitWork(triggerId=) {"metadata":{"emulator":{"name":"functions"},"message":"[worker-pool] submitWork(triggerId=)"}}
[debug] [2021-02-23T12:48:52.321Z] [worker-~diagnostic~-0b01d079-4afd-4d93-afa5-60dd8fe34587]: Assigning socketPath: /var/folders/l7/_lc_pypj0v55yrzyc6_z1ldw0000gn/T/fire_emu_42907.sock {"metadata":{"emulator":{"name":"functions"},"message":"[worker-~diagnostic~-0b01d079-4afd-4d93-afa5-60dd8fe34587]: Assigning socketPath: /var/folders/l7/_lc_pypj0v55yrzyc6_z1ldw0000gn/T/fire_emu_42907.sock"}}
[debug] [2021-02-23T12:48:52.321Z] [worker-~diagnostic~-0b01d079-4afd-4d93-afa5-60dd8fe34587]: BUSY {"metadata":{"emulator":{"name":"functions"},"message":"[worker-~diagnostic~-0b01d079-4afd-4d93-afa5-60dd8fe34587]: BUSY"}}
[debug] [2021-02-23T12:48:52.322Z] [worker-~diagnostic~-5534f502-ece7-4979-a55d-c5dc61200f4b]: exited {"metadata":{"emulator":{"name":"functions"},"message":"[worker-~diagnostic~-5534f502-ece7-4979-a55d-c5dc61200f4b]: exited"}}
[debug] [2021-02-23T12:48:52.323Z] [worker-~diagnostic~-5534f502-ece7-4979-a55d-c5dc61200f4b]: FINISHED {"metadata":{"emulator":{"name":"functions"},"message":"[worker-~diagnostic~-5534f502-ece7-4979-a55d-c5dc61200f4b]: FINISHED"}}
[debug] [2021-02-23T12:48:52.563Z] [runtime-status] [42907] Functions runtime initialized. {"cwd":"/Users/pedro/Documents/groupProject/eatin/firebase/functions","node_version":"15.8.0"} {"metadata":{"emulator":{"name":"functions"},"message":"[runtime-status] [42907] Functions runtime initialized. {\"cwd\":\"/Users/pedro/Documents/groupProject/eatin/firebase/functions\",\"node_version\":\"15.8.0\"}"}}
[debug] [2021-02-23T12:48:52.564Z] [runtime-status] [42907] Disabled runtime features: undefined {"metadata":{"emulator":{"name":"functions"},"message":"[runtime-status] [42907] Disabled runtime features: undefined"}}
[debug] [2021-02-23T12:48:52.567Z] [runtime-status] [42907] Resolved module firebase-admin {"declared":true,"installed":true,"version":"9.5.0","resolution":"/Users/pedro/Documents/groupProject/eatin/firebase/functions/node_modules/firebase-admin/lib/index.js"} {"metadata":{"emulator":{"name":"functions"},"message":"[runtime-status] [42907] Resolved module firebase-admin {\"declared\":true,\"installed\":true,\"version\":\"9.5.0\",\"resolution\":\"/Users/pedro/Documents/groupProject/eatin/firebase/functions/node_modules/firebase-admin/lib/index.js\"}"}}
[debug] [2021-02-23T12:48:52.569Z] [runtime-status] [42907] Resolved module firebase-functions {"declared":true,"installed":true,"version":"3.13.2","resolution":"/Users/pedro/Documents/groupProject/eatin/firebase/functions/node_modules/firebase-functions/lib/index.js"} {"metadata":{"emulator":{"name":"functions"},"message":"[runtime-status] [42907] Resolved module firebase-functions {\"declared\":true,\"installed\":true,\"version\":\"3.13.2\",\"resolution\":\"/Users/pedro/Documents/groupProject/eatin/firebase/functions/node_modules/firebase-functions/lib/index.js\"}"}}
[debug] [2021-02-23T12:48:52.572Z] [runtime-status] [42907] Resolved module firebase-functions {"declared":true,"installed":true,"version":"3.13.2","resolution":"/Users/pedro/Documents/groupProject/eatin/firebase/functions/node_modules/firebase-functions/lib/index.js"} {"metadata":{"emulator":{"name":"functions"},"message":"[runtime-status] [42907] Resolved module firebase-functions {\"declared\":true,\"installed\":true,\"version\":\"3.13.2\",\"resolution\":\"/Users/pedro/Documents/groupProject/eatin/firebase/functions/node_modules/firebase-functions/lib/index.js\"}"}}
[debug] [2021-02-23T12:48:52.573Z] [runtime-status] [42907] Outgoing network have been stubbed. [{"name":"http","status":"mocked"},{"name":"http","status":"mocked"},{"name":"https","status":"mocked"},{"name":"https","status":"mocked"},{"name":"net","status":"mocked"}] {"metadata":{"emulator":{"name":"functions"},"message":"[runtime-status] [42907] Outgoing network have been stubbed. [{\"name\":\"http\",\"status\":\"mocked\"},{\"name\":\"http\",\"status\":\"mocked\"},{\"name\":\"https\",\"status\":\"mocked\"},{\"name\":\"https\",\"status\":\"mocked\"},{\"name\":\"net\",\"status\":\"mocked\"}]"}}
[debug] [2021-02-23T12:48:52.573Z] [runtime-status] [42907] Resolved module firebase-functions {"declared":true,"installed":true,"version":"3.13.2","resolution":"/Users/pedro/Documents/groupProject/eatin/firebase/functions/node_modules/firebase-functions/lib/index.js"} {"metadata":{"emulator":{"name":"functions"},"message":"[runtime-status] [42907] Resolved module firebase-functions {\"declared\":true,\"installed\":true,\"version\":\"3.13.2\",\"resolution\":\"/Users/pedro/Documents/groupProject/eatin/firebase/functions/node_modules/firebase-functions/lib/index.js\"}"}}
[debug] [2021-02-23T12:48:52.628Z] [runtime-status] [42907] Checked functions.config() {"config":{}} {"metadata":{"emulator":{"name":"functions"},"message":"[runtime-status] [42907] Checked functions.config() {\"config\":{}}"}}
[debug] [2021-02-23T12:48:52.628Z] [runtime-status] [42907] firebase-functions has been stubbed. {"functionsResolution":{"declared":true,"installed":true,"version":"3.13.2","resolution":"/Users/pedro/Documents/groupProject/eatin/firebase/functions/node_modules/firebase-functions/lib/index.js"}} {"metadata":{"emulator":{"name":"functions"},"message":"[runtime-status] [42907] firebase-functions has been stubbed. {\"functionsResolution\":{\"declared\":true,\"installed\":true,\"version\":\"3.13.2\",\"resolution\":\"/Users/pedro/Documents/groupProject/eatin/firebase/functions/node_modules/firebase-functions/lib/index.js\"}}"}}
[debug] [2021-02-23T12:48:52.629Z] [runtime-status] [42907] Resolved module firebase-functions {"declared":true,"installed":true,"version":"3.13.2","resolution":"/Users/pedro/Documents/groupProject/eatin/firebase/functions/node_modules/firebase-functions/lib/index.js"} {"metadata":{"emulator":{"name":"functions"},"message":"[runtime-status] [42907] Resolved module firebase-functions {\"declared\":true,\"installed\":true,\"version\":\"3.13.2\",\"resolution\":\"/Users/pedro/Documents/groupProject/eatin/firebase/functions/node_modules/firebase-functions/lib/index.js\"}"}}
[debug] [2021-02-23T12:48:52.629Z] [runtime-status] [42907] Resolved module firebase-admin {"declared":true,"installed":true,"version":"9.5.0","resolution":"/Users/pedro/Documents/groupProject/eatin/firebase/functions/node_modules/firebase-admin/lib/index.js"} {"metadata":{"emulator":{"name":"functions"},"message":"[runtime-status] [42907] Resolved module firebase-admin {\"declared\":true,\"installed\":true,\"version\":\"9.5.0\",\"resolution\":\"/Users/pedro/Documents/groupProject/eatin/firebase/functions/node_modules/firebase-admin/lib/index.js\"}"}}
[debug] [2021-02-23T12:48:52.630Z] [runtime-status] [42907] Resolved module firebase-functions {"declared":true,"installed":true,"version":"3.13.2","resolution":"/Users/pedro/Documents/groupProject/eatin/firebase/functions/node_modules/firebase-functions/lib/index.js"} {"metadata":{"emulator":{"name":"functions"},"message":"[runtime-status] [42907] Resolved module firebase-functions {\"declared\":true,\"installed\":true,\"version\":\"3.13.2\",\"resolution\":\"/Users/pedro/Documents/groupProject/eatin/firebase/functions/node_modules/firebase-functions/lib/index.js\"}"}}
[debug] [2021-02-23T12:48:52.630Z] [runtime-status] [42907] firebase-admin has been stubbed. {"adminResolution":{"declared":true,"installed":true,"version":"9.5.0","resolution":"/Users/pedro/Documents/groupProject/eatin/firebase/functions/node_modules/firebase-admin/lib/index.js"}} {"metadata":{"emulator":{"name":"functions"},"message":"[runtime-status] [42907] firebase-admin has been stubbed. {\"adminResolution\":{\"declared\":true,\"installed\":true,\"version\":\"9.5.0\",\"resolution\":\"/Users/pedro/Documents/groupProject/eatin/firebase/functions/node_modules/firebase-admin/lib/index.js\"}}"}}
[debug] [2021-02-23T12:48:52.634Z] [runtime-status] [42907] initializeApp(DEFAULT) {"storageBucket":"eatin-d731f.appspot.com","databaseURL":"https://eatin-d731f.firebaseio.com","projectId":"eatin-d731f"} {"metadata":{"emulator":{"name":"functions"},"message":"[runtime-status] [42907] initializeApp(DEFAULT) {\"storageBucket\":\"eatin-d731f.appspot.com\",\"databaseURL\":\"https://eatin-d731f.firebaseio.com\",\"projectId\":\"eatin-d731f\"}"}}
[debug] [2021-02-23T12:48:52.635Z] [worker-~diagnostic~-0b01d079-4afd-4d93-afa5-60dd8fe34587]: IDLE {"metadata":{"emulator":{"name":"functions"},"message":"[worker-~diagnostic~-0b01d079-4afd-4d93-afa5-60dd8fe34587]: IDLE"}}
[debug] [2021-02-23T12:48:53.789Z] [work-queue] {"queueLength":1,"workRunningCount":0}
[debug] [2021-02-23T12:48:53.790Z] [work-queue] {"queueLength":0,"workRunningCount":1}
[debug] [2021-02-23T12:48:53.790Z] Accepted request GET /eatin-d731f/us-central1/addMessage --> addMessage
[debug] [2021-02-23T12:48:53.790Z] [worker-pool] Cleaned up workers for ~diagnostic~: 2 --> 1 {"metadata":{"emulator":{"name":"functions"},"message":"[worker-pool] Cleaned up workers for ~diagnostic~: 2 --> 1"}}
[debug] [2021-02-23T12:48:53.793Z] [worker-pool] addWorker(addMessage) {"metadata":{"emulator":{"name":"functions"},"message":"[worker-pool] addWorker(addMessage)"}}
[debug] [2021-02-23T12:48:53.794Z] [worker-pool] Adding worker with key addMessage, total=1 {"metadata":{"emulator":{"name":"functions"},"message":"[worker-pool] Adding worker with key addMessage, total=1"}}
[debug] [2021-02-23T12:48:53.794Z] [worker-pool] submitWork(triggerId=addMessage) {"metadata":{"emulator":{"name":"functions"},"message":"[worker-pool] submitWork(triggerId=addMessage)"}}
[debug] [2021-02-23T12:48:53.794Z] [worker-addMessage-98d5a873-53d7-46fd-aed1-24de5c210520]: Assigning socketPath: /var/folders/l7/_lc_pypj0v55yrzyc6_z1ldw0000gn/T/fire_emu_42914.sock {"metadata":{"emulator":{"name":"functions"},"message":"[worker-addMessage-98d5a873-53d7-46fd-aed1-24de5c210520]: Assigning socketPath: /var/folders/l7/_lc_pypj0v55yrzyc6_z1ldw0000gn/T/fire_emu_42914.sock"}}
[debug] [2021-02-23T12:48:53.795Z] [worker-addMessage-98d5a873-53d7-46fd-aed1-24de5c210520]: BUSY {"metadata":{"emulator":{"name":"functions"},"message":"[worker-addMessage-98d5a873-53d7-46fd-aed1-24de5c210520]: BUSY"}}
[debug] [2021-02-23T12:48:53.952Z] [runtime-status] [42914] Functions runtime initialized. {"cwd":"/Users/pedro/Documents/groupProject/eatin/firebase/functions","node_version":"15.8.0"} {"metadata":{"emulator":{"name":"functions"},"function":{"name":"addMessage"},"message":"[runtime-status] [42914] Functions runtime initialized. {\"cwd\":\"/Users/pedro/Documents/groupProject/eatin/firebase/functions\",\"node_version\":\"15.8.0\"}"}}
[debug] [2021-02-23T12:48:53.954Z] [runtime-status] [42914] Disabled runtime features: undefined {"metadata":{"emulator":{"name":"functions"},"function":{"name":"addMessage"},"message":"[runtime-status] [42914] Disabled runtime features: undefined"}}
[debug] [2021-02-23T12:48:53.956Z] [runtime-status] [42914] Resolved module firebase-admin {"declared":true,"installed":true,"version":"9.5.0","resolution":"/Users/pedro/Documents/groupProject/eatin/firebase/functions/node_modules/firebase-admin/lib/index.js"} {"metadata":{"emulator":{"name":"functions"},"function":{"name":"addMessage"},"message":"[runtime-status] [42914] Resolved module firebase-admin {\"declared\":true,\"installed\":true,\"version\":\"9.5.0\",\"resolution\":\"/Users/pedro/Documents/groupProject/eatin/firebase/functions/node_modules/firebase-admin/lib/index.js\"}"}}
[debug] [2021-02-23T12:48:53.957Z] [runtime-status] [42914] Resolved module firebase-functions {"declared":true,"installed":true,"version":"3.13.2","resolution":"/Users/pedro/Documents/groupProject/eatin/firebase/functions/node_modules/firebase-functions/lib/index.js"} {"metadata":{"emulator":{"name":"functions"},"function":{"name":"addMessage"},"message":"[runtime-status] [42914] Resolved module firebase-functions {\"declared\":true,\"installed\":true,\"version\":\"3.13.2\",\"resolution\":\"/Users/pedro/Documents/groupProject/eatin/firebase/functions/node_modules/firebase-functions/lib/index.js\"}"}}
[debug] [2021-02-23T12:48:53.959Z] [runtime-status] [42914] Resolved module firebase-functions {"declared":true,"installed":true,"version":"3.13.2","resolution":"/Users/pedro/Documents/groupProject/eatin/firebase/functions/node_modules/firebase-functions/lib/index.js"} {"metadata":{"emulator":{"name":"functions"},"function":{"name":"addMessage"},"message":"[runtime-status] [42914] Resolved module firebase-functions {\"declared\":true,\"installed\":true,\"version\":\"3.13.2\",\"resolution\":\"/Users/pedro/Documents/groupProject/eatin/firebase/functions/node_modules/firebase-functions/lib/index.js\"}"}}
[debug] [2021-02-23T12:48:53.962Z] [runtime-status] [42914] Outgoing network have been stubbed. [{"name":"http","status":"mocked"},{"name":"http","status":"mocked"},{"name":"https","status":"mocked"},{"name":"https","status":"mocked"},{"name":"net","status":"mocked"}] {"metadata":{"emulator":{"name":"functions"},"function":{"name":"addMessage"},"message":"[runtime-status] [42914] Outgoing network have been stubbed. [{\"name\":\"http\",\"status\":\"mocked\"},{\"name\":\"http\",\"status\":\"mocked\"},{\"name\":\"https\",\"status\":\"mocked\"},{\"name\":\"https\",\"status\":\"mocked\"},{\"name\":\"net\",\"status\":\"mocked\"}]"}}
[debug] [2021-02-23T12:48:53.962Z] [runtime-status] [42914] Resolved module firebase-functions {"declared":true,"installed":true,"version":"3.13.2","resolution":"/Users/pedro/Documents/groupProject/eatin/firebase/functions/node_modules/firebase-functions/lib/index.js"} {"metadata":{"emulator":{"name":"functions"},"function":{"name":"addMessage"},"message":"[runtime-status] [42914] Resolved module firebase-functions {\"declared\":true,\"installed\":true,\"version\":\"3.13.2\",\"resolution\":\"/Users/pedro/Documents/groupProject/eatin/firebase/functions/node_modules/firebase-functions/lib/index.js\"}"}}
[debug] [2021-02-23T12:48:54.007Z] [runtime-status] [42914] Checked functions.config() {"config":{}} {"metadata":{"emulator":{"name":"functions"},"function":{"name":"addMessage"},"message":"[runtime-status] [42914] Checked functions.config() {\"config\":{}}"}}
[debug] [2021-02-23T12:48:54.008Z] [runtime-status] [42914] firebase-functions has been stubbed. {"functionsResolution":{"declared":true,"installed":true,"version":"3.13.2","resolution":"/Users/pedro/Documents/groupProject/eatin/firebase/functions/node_modules/firebase-functions/lib/index.js"}} {"metadata":{"emulator":{"name":"functions"},"function":{"name":"addMessage"},"message":"[runtime-status] [42914] firebase-functions has been stubbed. {\"functionsResolution\":{\"declared\":true,\"installed\":true,\"version\":\"3.13.2\",\"resolution\":\"/Users/pedro/Documents/groupProject/eatin/firebase/functions/node_modules/firebase-functions/lib/index.js\"}}"}}
[debug] [2021-02-23T12:48:54.013Z] [runtime-status] [42914] Resolved module firebase-functions {"declared":true,"installed":true,"version":"3.13.2","resolution":"/Users/pedro/Documents/groupProject/eatin/firebase/functions/node_modules/firebase-functions/lib/index.js"} {"metadata":{"emulator":{"name":"functions"},"function":{"name":"addMessage"},"message":"[runtime-status] [42914] Resolved module firebase-functions {\"declared\":true,\"installed\":true,\"version\":\"3.13.2\",\"resolution\":\"/Users/pedro/Documents/groupProject/eatin/firebase/functions/node_modules/firebase-functions/lib/index.js\"}"}}
[debug] [2021-02-23T12:48:54.013Z] [runtime-status] [42914] Resolved module firebase-admin {"declared":true,"installed":true,"version":"9.5.0","resolution":"/Users/pedro/Documents/groupProject/eatin/firebase/functions/node_modules/firebase-admin/lib/index.js"} {"metadata":{"emulator":{"name":"functions"},"function":{"name":"addMessage"},"message":"[runtime-status] [42914] Resolved module firebase-admin {\"declared\":true,\"installed\":true,\"version\":\"9.5.0\",\"resolution\":\"/Users/pedro/Documents/groupProject/eatin/firebase/functions/node_modules/firebase-admin/lib/index.js\"}"}}
[debug] [2021-02-23T12:48:54.013Z] [runtime-status] [42914] Resolved module firebase-functions {"declared":true,"installed":true,"version":"3.13.2","resolution":"/Users/pedro/Documents/groupProject/eatin/firebase/functions/node_modules/firebase-functions/lib/index.js"} {"metadata":{"emulator":{"name":"functions"},"function":{"name":"addMessage"},"message":"[runtime-status] [42914] Resolved module firebase-functions {\"declared\":true,\"installed\":true,\"version\":\"3.13.2\",\"resolution\":\"/Users/pedro/Documents/groupProject/eatin/firebase/functions/node_modules/firebase-functions/lib/index.js\"}"}}
[debug] [2021-02-23T12:48:54.013Z] [runtime-status] [42914] firebase-admin has been stubbed. {"adminResolution":{"declared":true,"installed":true,"version":"9.5.0","resolution":"/Users/pedro/Documents/groupProject/eatin/firebase/functions/node_modules/firebase-admin/lib/index.js"}} {"metadata":{"emulator":{"name":"functions"},"function":{"name":"addMessage"},"message":"[runtime-status] [42914] firebase-admin has been stubbed. {\"adminResolution\":{\"declared\":true,\"installed\":true,\"version\":\"9.5.0\",\"resolution\":\"/Users/pedro/Documents/groupProject/eatin/firebase/functions/node_modules/firebase-admin/lib/index.js\"}}"}}
[debug] [2021-02-23T12:48:54.013Z] [runtime-status] [42914] initializeApp(DEFAULT) {"storageBucket":"eatin-d731f.appspot.com","databaseURL":"https://eatin-d731f.firebaseio.com","projectId":"eatin-d731f"} {"metadata":{"emulator":{"name":"functions"},"function":{"name":"addMessage"},"message":"[runtime-status] [42914] initializeApp(DEFAULT) {\"storageBucket\":\"eatin-d731f.appspot.com\",\"databaseURL\":\"https://eatin-d731f.firebaseio.com\",\"projectId\":\"eatin-d731f\"}"}}
[debug] [2021-02-23T12:48:54.014Z] [runtime-status] [42914] Trigger "addMessage" has been found, beginning invocation! {"metadata":{"emulator":{"name":"functions"},"function":{"name":"addMessage"},"message":"[runtime-status] [42914] Trigger \"addMessage\" has been found, beginning invocation!"}}
[info] i  functions: Beginning execution of "addMessage" {"metadata":{"emulator":{"name":"functions"},"function":{"name":"addMessage"},"message":"Beginning execution of \"addMessage\""}}
[debug] [2021-02-23T12:48:54.015Z] [runtime-status] [42914] triggerDefinition {"httpsTrigger":{},"name":"addMessage","entryPoint":"addMessage"} {"metadata":{"emulator":{"name":"functions"},"function":{"name":"addMessage"},"message":"[runtime-status] [42914] triggerDefinition {\"httpsTrigger\":{},\"name\":\"addMessage\",\"entryPoint\":\"addMessage\"}"}}
[debug] [2021-02-23T12:48:54.015Z] [runtime-status] [42914] Running addMessage in mode HTTPS {"metadata":{"emulator":{"name":"functions"},"function":{"name":"addMessage"},"message":"[runtime-status] [42914] Running addMessage in mode HTTPS"}}
[debug] [2021-02-23T12:48:54.018Z] [runtime-status] [42914] Attempting to listen to socketPath: /var/folders/l7/_lc_pypj0v55yrzyc6_z1ldw0000gn/T/fire_emu_42914.sock {"metadata":{"emulator":{"name":"functions"},"function":{"name":"addMessage"},"message":"[runtime-status] [42914] Attempting to listen to socketPath: /var/folders/l7/_lc_pypj0v55yrzyc6_z1ldw0000gn/T/fire_emu_42914.sock"}}
[debug] [2021-02-23T12:48:54.028Z] [functions] Runtime ready! Sending request! {"metadata":{"emulator":{"name":"functions"},"message":"[functions] Runtime ready! Sending request!"}}
[debug] [2021-02-23T12:48:54.028Z] [functions] Got req.url=/eatin-d731f/us-central1/addMessage, mapping to path=/ {"metadata":{"emulator":{"name":"functions"},"message":"[functions] Got req.url=/eatin-d731f/us-central1/addMessage, mapping to path=/"}}
[debug] [2021-02-23T12:48:54.035Z] [runtime-status] [42914] Ephemeral server handling GET request {"metadata":{"emulator":{"name":"functions"},"function":{"name":"addMessage"},"message":"[runtime-status] [42914] Ephemeral server handling GET request"}}
[debug] [2021-02-23T12:48:54.044Z] [runtime-status] [42914] Ephemeral server survived. {"metadata":{"emulator":{"name":"functions"},"function":{"name":"addMessage"},"message":"[runtime-status] [42914] Ephemeral server survived."}}
[info] i  functions: Finished "addMessage" in ~1s {"metadata":{"emulator":{"name":"functions"},"function":{"name":"addMessage"},"message":"Finished \"addMessage\" in ~1s"}}
[debug] [2021-02-23T12:48:54.046Z] [worker-addMessage-98d5a873-53d7-46fd-aed1-24de5c210520]: IDLE {"metadata":{"emulator":{"name":"functions"},"message":"[worker-addMessage-98d5a873-53d7-46fd-aed1-24de5c210520]: IDLE"}}
[debug] [2021-02-23T12:48:54.046Z] [work-queue] {"queueLength":0,"workRunningCount":0}
